<?xml version="1.0" encoding="UTF-8"?>
<!-- Generated by org.testng.reporters.JUnitReportReporter -->
<testsuite hostname="PRITI-PC" failures="0" tests="7" name="Test.TechveritoProduct.fieldValidation" time="62.872" errors="0" timestamp="2021-09-13T14:27:48 IST" skipped="0">
  <testcase classname="Test.TechveritoProduct.fieldValidation" name="emptyTitle" time="8.721"/>
  <system-out/>
  <testcase classname="Test.TechveritoProduct.fieldValidation" name="emptySku" time="7.321"/>
  <system-out/>
  <testcase classname="Test.TechveritoProduct.fieldValidation" name="emptyDescription" time="9.876"/>
  <system-out/>
  <testcase classname="Test.TechveritoProduct.fieldValidation" name="uniqueTitle" time="7.440"/>
  <system-out/>
  <testcase classname="Test.TechveritoProduct.fieldValidation" name="uniqueSku" time="10.078"/>
  <system-out/>
  <testcase classname="Test.TechveritoProduct.fieldValidation" name="titleLenghtValidation" time="7.960"/>
  <system-out/>
  <testcase classname="Test.TechveritoProduct.fieldValidation" name="skuLenghtValidation" time="11.476"/>
  <system-out/>
</testsuite> <!-- Test.TechveritoProduct.fieldValidation -->
