<?xml version="1.0" encoding="UTF-8"?>
<!-- Generated by org.testng.reporters.JUnitReportReporter -->
<testsuite hostname="PRITI-PC" failures="0" tests="3" name="Test.TechveritoProduct.CRUDOpProduct" time="6.738" errors="0" timestamp="2022-05-03T10:17:48 IST" skipped="0">
  <testcase classname="Test.TechveritoProduct.CRUDOpProduct" name="addProduct" time="3.356"/>
  <system-out/>
  <testcase classname="Test.TechveritoProduct.CRUDOpProduct" name="editProduct" time="2.112"/>
  <system-out/>
  <testcase classname="Test.TechveritoProduct.CRUDOpProduct" name="delProduct" time="1.270"/>
  <system-out/>
</testsuite> <!-- Test.TechveritoProduct.CRUDOpProduct -->
