<?xml version="1.0" encoding="UTF-8"?>
<!-- Generated by org.testng.reporters.JUnitReportReporter -->
<testsuite hostname="PRITI-PC" failures="0" tests="7" name="Test.TechveritoProduct.fieldValidation" time="14.555" errors="0" timestamp="2022-05-03T10:17:48 IST" skipped="0">
  <testcase classname="Test.TechveritoProduct.fieldValidation" name="emptyTitle" time="2.241"/>
  <system-out/>
  <testcase classname="Test.TechveritoProduct.fieldValidation" name="emptySku" time="1.716"/>
  <system-out/>
  <testcase classname="Test.TechveritoProduct.fieldValidation" name="emptyDescription" time="2.381"/>
  <system-out/>
  <testcase classname="Test.TechveritoProduct.fieldValidation" name="uniqueTitle" time="1.651"/>
  <system-out/>
  <testcase classname="Test.TechveritoProduct.fieldValidation" name="uniqueSku" time="1.792"/>
  <system-out/>
  <testcase classname="Test.TechveritoProduct.fieldValidation" name="titleLenghtValidation" time="2.495"/>
  <system-out/>
  <testcase classname="Test.TechveritoProduct.fieldValidation" name="skuLenghtValidation" time="2.279"/>
  <system-out/>
</testsuite> <!-- Test.TechveritoProduct.fieldValidation -->
