<?xml version="1.0" encoding="UTF-8"?>
<!-- Generated by org.testng.reporters.JUnitReportReporter -->
<testsuite hostname="PRITI-PC" failures="0" tests="1" name="Test.TechveritoProduct.listingProducts" time="3.630" errors="0" timestamp="2022-05-03T10:20:48 IST" skipped="0">
  <testcase classname="Test.TechveritoProduct.listingProducts" name="filterProductByTitle" time="3.630"/>
  <system-out/>
</testsuite> <!-- Test.TechveritoProduct.listingProducts -->
