<?xml version="1.0" encoding="UTF-8"?>
<!-- Generated by org.testng.reporters.JUnitReportReporter -->
<testsuite hostname="PRITI-PC" failures="0" tests="7" name="Test.TechveritoProduct.fieldValidation" time="12.672" errors="0" timestamp="2022-04-29T08:26:19 IST" skipped="0">
  <testcase classname="Test.TechveritoProduct.fieldValidation" name="emptyTitle" time="2.519"/>
  <system-out/>
  <testcase classname="Test.TechveritoProduct.fieldValidation" name="emptySku" time="1.814"/>
  <system-out/>
  <testcase classname="Test.TechveritoProduct.fieldValidation" name="emptyDescription" time="1.644"/>
  <system-out/>
  <testcase classname="Test.TechveritoProduct.fieldValidation" name="uniqueTitle" time="1.667"/>
  <system-out/>
  <testcase classname="Test.TechveritoProduct.fieldValidation" name="uniqueSku" time="1.644"/>
  <system-out/>
  <testcase classname="Test.TechveritoProduct.fieldValidation" name="titleLenghtValidation" time="1.714"/>
  <system-out/>
  <testcase classname="Test.TechveritoProduct.fieldValidation" name="skuLenghtValidation" time="1.670"/>
  <system-out/>
</testsuite> <!-- Test.TechveritoProduct.fieldValidation -->
