<?xml version="1.0" encoding="UTF-8"?>
<!-- Generated by org.testng.reporters.JUnitReportReporter -->
<testsuite hostname="PRITI-PC" failures="0" tests="1" name="Test.TechveritoProduct.createProduct" time="19.199" errors="0" timestamp="2021-09-13T14:27:48 IST" skipped="0">
  <testcase classname="Test.TechveritoProduct.createProduct" name="addProduct" time="19.199"/>
  <system-out/>
</testsuite> <!-- Test.TechveritoProduct.createProduct -->
