<?xml version="1.0" encoding="UTF-8"?>
<!-- Generated by org.testng.reporters.JUnitReportReporter -->
<testsuite hostname="PRITI-PC" failures="0" tests="7" name="Test.TechveritoProduct.fieldValidation" time="15.036" errors="0" timestamp="2022-04-29T10:36:02 IST" skipped="0">
  <testcase classname="Test.TechveritoProduct.fieldValidation" name="emptyTitle" time="2.526"/>
  <system-out/>
  <testcase classname="Test.TechveritoProduct.fieldValidation" name="emptySku" time="2.336"/>
  <system-out/>
  <testcase classname="Test.TechveritoProduct.fieldValidation" name="emptyDescription" time="2.416"/>
  <system-out/>
  <testcase classname="Test.TechveritoProduct.fieldValidation" name="uniqueTitle" time="1.774"/>
  <system-out/>
  <testcase classname="Test.TechveritoProduct.fieldValidation" name="uniqueSku" time="1.745"/>
  <system-out/>
  <testcase classname="Test.TechveritoProduct.fieldValidation" name="titleLenghtValidation" time="2.324"/>
  <system-out/>
  <testcase classname="Test.TechveritoProduct.fieldValidation" name="skuLenghtValidation" time="1.915"/>
  <system-out/>
</testsuite> <!-- Test.TechveritoProduct.fieldValidation -->
