<?xml version="1.0" encoding="UTF-8"?>
<!-- Generated by org.testng.reporters.JUnitReportReporter -->
<testsuite hostname="PRITI-PC" failures="0" tests="1" name="Test.TechveritoProduct.deleteProduct" time="8.391" errors="0" timestamp="2022-04-28T22:52:37 IST" skipped="0">
  <testcase classname="Test.TechveritoProduct.deleteProduct" name="delProduct" time="8.391"/>
  <system-out/>
</testsuite> <!-- Test.TechveritoProduct.deleteProduct -->
