<?xml version="1.0" encoding="UTF-8"?>
<!-- Generated by org.testng.reporters.JUnitReportReporter -->
<testsuite hostname="PRITI-PC" failures="0" tests="3" name="Test.TechveritoProduct.createProduct" time="29.863" errors="0" timestamp="2022-04-29T07:38:46 IST" skipped="0">
  <testcase classname="Test.TechveritoProduct.createProduct" name="addProduct" time="10.531"/>
  <system-out/>
  <testcase classname="Test.TechveritoProduct.createProduct" name="editProduct" time="10.555"/>
  <system-out/>
  <testcase classname="Test.TechveritoProduct.createProduct" name="delProduct" time="8.777"/>
  <system-out/>
</testsuite> <!-- Test.TechveritoProduct.createProduct -->
