<?xml version="1.0" encoding="UTF-8"?>
<!-- Generated by org.testng.reporters.JUnitReportReporter -->
<testsuite hostname="PRITI-PC" failures="0" tests="3" name="Test.TechveritoProduct.CRUDOpProduct" time="5.356" errors="0" timestamp="2022-04-29T10:36:02 IST" skipped="0">
  <testcase classname="Test.TechveritoProduct.CRUDOpProduct" name="addProduct" time="2.141"/>
  <system-out/>
  <testcase classname="Test.TechveritoProduct.CRUDOpProduct" name="editProduct" time="1.910"/>
  <system-out/>
  <testcase classname="Test.TechveritoProduct.CRUDOpProduct" name="delProduct" time="1.305"/>
  <system-out/>
</testsuite> <!-- Test.TechveritoProduct.CRUDOpProduct -->
