<?xml version="1.0" encoding="UTF-8"?>
<!-- Generated by org.testng.reporters.JUnitReportReporter -->
<testsuite hostname="PRITI-PC" failures="0" tests="1" name="Test.TechveritoProduct.login" time="1.468" errors="0" timestamp="2022-04-29T10:36:02 IST" skipped="0">
  <testcase classname="Test.TechveritoProduct.login" name="loginToApp" time="1.468"/>
  <system-out/>
</testsuite> <!-- Test.TechveritoProduct.login -->
