<?xml version="1.0" encoding="UTF-8"?>
<!-- Generated by org.testng.reporters.JUnitReportReporter -->
<testsuite hostname="PRITI-PC" failures="0" tests="3" name="Test.TechveritoProduct.CRUDOpProduct" time="7.304" errors="0" timestamp="2022-04-29T08:24:16 IST" skipped="0">
  <testcase classname="Test.TechveritoProduct.CRUDOpProduct" name="addProduct" time="3.356"/>
  <system-out/>
  <testcase classname="Test.TechveritoProduct.CRUDOpProduct" name="editProduct" time="2.840"/>
  <system-out/>
  <testcase classname="Test.TechveritoProduct.CRUDOpProduct" name="delProduct" time="1.108"/>
  <system-out/>
</testsuite> <!-- Test.TechveritoProduct.CRUDOpProduct -->
