<?xml version="1.0" encoding="UTF-8"?>
<!-- Generated by org.testng.reporters.JUnitReportReporter -->
<testsuite hostname="PRITI-PC" failures="0" tests="1" name="Test.TechveritoProduct.editProduct" time="8.252" errors="0" timestamp="2021-09-16T13:42:53 IST" skipped="0">
  <testcase classname="Test.TechveritoProduct.editProduct" name="addProduct" time="8.252"/>
  <system-out/>
</testsuite> <!-- Test.TechveritoProduct.editProduct -->
