<?xml version="1.0" encoding="UTF-8"?>
<!-- Generated by org.testng.reporters.JUnitReportReporter -->
<testsuite hostname="PRITI-PC" failures="0" tests="7" name="Test.TechveritoProduct.fieldValidation" time="15.341" errors="0" timestamp="2022-04-29T08:24:16 IST" skipped="0">
  <testcase classname="Test.TechveritoProduct.fieldValidation" name="emptyTitle" time="3.934"/>
  <system-out/>
  <testcase classname="Test.TechveritoProduct.fieldValidation" name="emptySku" time="1.982"/>
  <system-out/>
  <testcase classname="Test.TechveritoProduct.fieldValidation" name="emptyDescription" time="1.753"/>
  <system-out/>
  <testcase classname="Test.TechveritoProduct.fieldValidation" name="uniqueTitle" time="1.801"/>
  <system-out/>
  <testcase classname="Test.TechveritoProduct.fieldValidation" name="uniqueSku" time="1.886"/>
  <system-out/>
  <testcase classname="Test.TechveritoProduct.fieldValidation" name="titleLenghtValidation" time="2.026"/>
  <system-out/>
  <testcase classname="Test.TechveritoProduct.fieldValidation" name="skuLenghtValidation" time="1.959"/>
  <system-out/>
</testsuite> <!-- Test.TechveritoProduct.fieldValidation -->
