<?xml version="1.0" encoding="UTF-8"?>
<!-- Generated by org.testng.reporters.JUnitReportReporter -->
<testsuite hostname="PRITI-PC" failures="0" tests="1" name="Test.TechveritoProduct.listingProducts" time="3.945" errors="0" timestamp="2022-04-29T08:28:56 IST" skipped="0">
  <testcase classname="Test.TechveritoProduct.listingProducts" name="filterProductByTitle" time="3.945"/>
  <system-out/>
</testsuite> <!-- Test.TechveritoProduct.listingProducts -->
